<?xml version="1.0" encoding="UTF-8"?>
<beans xmlns="http://www.springframework.org/schema/beans"
       xmlns:xsi="http://www.w3.org/2001/XMLSchema-instance"
       xmlns:context="http://www.springframework.org/schema/context"
       xmlns:tx="http://www.springframework.org/schema/tx"
       xsi:schemaLocation="http://www.springframework.org/schema/beans
                           http://www.springframework.org/schema/beans/spring-beans-4.1.xsd
                           http://www.springframework.org/schema/context
                           http://www.springframework.org/schema/context/spring-context.xsd
                           http://www.springframework.org/schema/tx       
                           http://www.springframework.org/schema/tx/spring-tx-4.1.xsd">

  	<bean id="exportService" class="com.samvo.statistics.service.impl.ExportServiceImpl" />

	<bean id="statisticsService" class="com.samvo.statistics.service.StatisticsServiceMock" />
	
	<bean id="bookieDao" class="com.samvo.statistics.dao.impl.BookieDaoImpl" />
	
	<bean id="matchDao" class="com.samvo.statistics.dao.impl.MatchDaoImpl" />
	
	<bean id="matchTimeDao" class="com.samvo.statistics.dao.impl.MatchTimeDaoImpl" />
	
	<bean id="feedTypeDao" class="com.samvo.statistics.dao.impl.FeedTypeDaoImpl" />
	                             
	<bean id="dataSource" class="org.apache.commons.dbcp.BasicDataSource" destroy-method="close">
        <property name="driverClassName" value="${jdbc.driverClassName}"/>
        <property name="url" value="${jdbc.url}"/>
        <property name="username" value="${jdbc.username}"/>
        <property name="password" value="${jdbc.password}"/>
    </bean>

    <context:property-placeholder location="jdbc.properties"/>
    
    <tx:annotation-driven />
    
    <bean id="transactionManager" class="org.springframework.jdbc.datasource.DataSourceTransactionManager">
        <property name="dataSource" ref="dataSource"/>
    </bean>	
</beans>



 
 
